c:\users\nextgen\desktop\directx 11 projects\dx11 win10\project_light\bin\debug\intermediate\vc140.pdb
c:\users\nextgen\desktop\directx 11 projects\dx11 win10\project_light\bin\debug\intermediate\vc140.idb
c:\users\nextgen\desktop\directx 11 projects\dx11 win10\project_light\bin\debug\intermediate\textureloader.obj
c:\users\nextgen\desktop\directx 11 projects\dx11 win10\project_light\bin\debug\intermediate\texturemanager.obj
c:\users\nextgen\desktop\directx 11 projects\dx11 win10\project_light\bin\debug\intermediate\baseapp.obj
c:\users\nextgen\desktop\directx 11 projects\dx11 win10\project_light\bin\debug\intermediate\deferredrendering.obj
c:\users\nextgen\desktop\directx 11 projects\dx11 win10\project_light\bin\debug\intermediate\main.obj
c:\users\nextgen\desktop\directx 11 projects\dx11 win10\project_light\bin\debug\intermediate\deferredshader.obj
c:\users\nextgen\desktop\directx 11 projects\dx11 win10\project_light\bin\debug\intermediate\deferredlightshader.obj
c:\users\nextgen\desktop\directx 11 projects\dx11 win10\project_light\bin\debug\intermediate\orthomanager.obj
c:\users\nextgen\desktop\directx 11 projects\dx11 win10\project_light\bin\debug\intermediate\cameramanager.obj
c:\users\nextgen\desktop\directx 11 projects\dx11 win10\project_light\bin\debug\intermediate\skydome.obj
c:\users\nextgen\desktop\directx 11 projects\dx11 win10\project_light\bin\debug\intermediate\light.obj
c:\users\nextgen\desktop\directx 11 projects\dx11 win10\project_light\bin\debug\intermediate\modelmanager.obj
c:\users\nextgen\desktop\directx 11 projects\dx11 win10\project_light\bin\debug\intermediate\radixscene.obj
c:\users\nextgen\desktop\directx 11 projects\dx11 win10\project_light\bin\debug\intermediate\post-processingshader.obj
c:\users\nextgen\desktop\directx 11 projects\dx11 win10\project_light\bin\debug\intermediate\basicshapes.obj
c:\users\nextgen\desktop\directx 11 projects\dx11 win10\project_light\bin\debug\intermediate\mathhelper.obj
c:\users\nextgen\desktop\directx 11 projects\dx11 win10\project_light\bin\debug\intermediate\shadowmap.obj
c:\users\nextgen\desktop\directx 11 projects\dx11 win10\project_light\bin\debug\intermediate\shadowmapshader.obj
c:\users\nextgen\desktop\directx 11 projects\dx11 win10\project_light\bin\debug\intermediate\render3dcomponent.obj
c:\users\nextgen\desktop\directx 11 projects\dx11 win10\project_light\bin\debug\intermediate\terrain.obj
c:\users\nextgen\desktop\directx 11 projects\dx11 win10\project_light\bin\debug\intermediate\gameobject.obj
c:\users\nextgen\desktop\directx 11 projects\dx11 win10\project_light\bin\debug\intermediate\scene.obj
c:\users\nextgen\desktop\directx 11 projects\dx11 win10\project_light\bin\debug\intermediate\transformsystem.obj
c:\users\nextgen\desktop\directx 11 projects\dx11 win10\project_light\bin\debug\intermediate\transformcomponent.obj
c:\users\nextgen\desktop\directx 11 projects\dx11 win10\project_light\bin\debug\intermediate\fileio.obj
c:\users\nextgen\desktop\directx 11 projects\dx11 win10\project_light\bin\debug\intermediate\imgui.obj
c:\users\nextgen\desktop\directx 11 projects\dx11 win10\project_light\bin\debug\intermediate\imgui_demo.obj
c:\users\nextgen\desktop\directx 11 projects\dx11 win10\project_light\bin\debug\intermediate\imgui_draw.obj
c:\users\nextgen\desktop\directx 11 projects\dx11 win10\project_light\bin\debug\intermediate\elixireditor.obj
c:\users\nextgen\desktop\directx 11 projects\dx11 win10\project_light\bin\debug\intermediate\imgui_impl_dx11.obj
c:\users\nextgen\desktop\directx 11 projects\dx11 win10\project_light\bin\debug\intermediate\scenemanager.obj
c:\users\nextgen\desktop\directx 11 projects\dx11 win10\project_light\bin\debug\intermediate\elixirlog.obj
c:\users\nextgen\desktop\directx 11 projects\dx11 win10\project_light\bin\debug\intermediate\blendstate.obj
c:\users\nextgen\desktop\directx 11 projects\dx11 win10\project_light\source\graphics\shaders\compiled\skyvs.h
c:\users\nextgen\desktop\directx 11 projects\dx11 win10\project_light\bin\debug\skyvertexshader.cso
c:\users\nextgen\desktop\directx 11 projects\dx11 win10\project_light\source\graphics\shaders\compiled\skyps.h
c:\users\nextgen\desktop\directx 11 projects\dx11 win10\project_light\bin\debug\skypixelshader.cso
c:\users\nextgen\desktop\directx 11 projects\dx11 win10\project_light\source\graphics\shaders\compiled\lightpixelshader.h
c:\users\nextgen\desktop\directx 11 projects\dx11 win10\project_light\bin\debug\lightpixelshader.cso
c:\users\nextgen\desktop\directx 11 projects\dx11 win10\project_light\source\graphics\shaders\compiled\lightvertexshader.h
c:\users\nextgen\desktop\directx 11 projects\dx11 win10\project_light\bin\debug\lightvertexshader.cso
c:\users\nextgen\desktop\directx 11 projects\dx11 win10\project_light\source\graphics\shaders\compiled\postprocessingvs.h
c:\users\nextgen\desktop\directx 11 projects\dx11 win10\project_light\bin\debug\postprocessingvs.cso
c:\users\nextgen\desktop\directx 11 projects\dx11 win10\project_light\source\graphics\shaders\compiled\twopassblur.h
c:\users\nextgen\desktop\directx 11 projects\dx11 win10\project_light\bin\debug\twopassblur.cso
c:\users\nextgen\desktop\directx 11 projects\dx11 win10\project_light\source\graphics\shaders\compiled\adaptedlum.h
c:\users\nextgen\desktop\directx 11 projects\dx11 win10\project_light\bin\debug\adaptedlum.cso
c:\users\nextgen\desktop\directx 11 projects\dx11 win10\project_light\source\graphics\shaders\compiled\brightpassfilter.h
c:\users\nextgen\desktop\directx 11 projects\dx11 win10\project_light\bin\debug\brightpassfilter.cso
c:\users\nextgen\desktop\directx 11 projects\dx11 win10\project_light\source\graphics\shaders\compiled\deferredpixelshader.h
c:\users\nextgen\desktop\directx 11 projects\dx11 win10\project_light\bin\debug\deferredpixelshader.cso
c:\users\nextgen\desktop\directx 11 projects\dx11 win10\project_light\source\graphics\shaders\compiled\shadowmapshader.h
c:\users\nextgen\desktop\directx 11 projects\dx11 win10\project_light\bin\debug\shadowmapshader.cso
c:\users\nextgen\desktop\directx 11 projects\dx11 win10\project_light\source\graphics\shaders\compiled\deferredvertexshader.h
c:\users\nextgen\desktop\directx 11 projects\dx11 win10\project_light\bin\debug\deferredvertexshader.cso
c:\users\nextgen\desktop\directx 11 projects\dx11 win10\project_light\source\graphics\shaders\compiled\deferredlightvs.h
c:\users\nextgen\desktop\directx 11 projects\dx11 win10\project_light\bin\debug\deferredlightvs.cso
c:\users\nextgen\desktop\directx 11 projects\dx11 win10\project_light\source\graphics\shaders\compiled\deferredlightps.h
c:\users\nextgen\desktop\directx 11 projects\dx11 win10\project_light\bin\debug\deferredlightps.cso
c:\users\nextgen\desktop\directx 11 projects\dx11 win10\project_light\source\graphics\shaders\compiled\postprocessingps.h
c:\users\nextgen\desktop\directx 11 projects\dx11 win10\project_light\bin\debug\postprocessingps.cso
c:\users\nextgen\desktop\directx 11 projects\dx11 win10\project_light\bin\debug\project_light.ilk
c:\users\nextgen\desktop\directx 11 projects\dx11 win10\project_light\bin\debug\project_light.exe
c:\users\nextgen\desktop\directx 11 projects\dx11 win10\project_light\bin\debug\project_light.pdb
c:\users\nextgen\desktop\directx 11 projects\dx11 win10\project_light\bin\debug\eyeadaptation.cso
c:\users\nextgen\desktop\directx 11 projects\dx11 win10\project_light\bin\debug\intermediate\project_light.res
c:\users\nextgen\desktop\directx 11 projects\dx11 win10\project_light\bin\debug\intermediate\ddstextureloader.obj
c:\users\nextgen\desktop\directx 11 projects\dx11 win10\project_light\bin\debug\intermediate\timer.obj
c:\users\nextgen\desktop\directx 11 projects\dx11 win10\project_light\bin\debug\intermediate\wictextureloader.obj
c:\users\nextgen\desktop\directx 11 projects\dx11 win10\project_light\bin\debug\intermediate\project_light.tlog\cl.command.1.tlog
c:\users\nextgen\desktop\directx 11 projects\dx11 win10\project_light\bin\debug\intermediate\project_light.tlog\cl.read.1.tlog
c:\users\nextgen\desktop\directx 11 projects\dx11 win10\project_light\bin\debug\intermediate\project_light.tlog\cl.write.1.tlog
c:\users\nextgen\desktop\directx 11 projects\dx11 win10\project_light\bin\debug\intermediate\project_light.tlog\fxc.command.1.tlog
c:\users\nextgen\desktop\directx 11 projects\dx11 win10\project_light\bin\debug\intermediate\project_light.tlog\fxc.read.1.tlog
c:\users\nextgen\desktop\directx 11 projects\dx11 win10\project_light\bin\debug\intermediate\project_light.tlog\fxc.write.1.tlog
c:\users\nextgen\desktop\directx 11 projects\dx11 win10\project_light\bin\debug\intermediate\project_light.tlog\link.command.1.tlog
c:\users\nextgen\desktop\directx 11 projects\dx11 win10\project_light\bin\debug\intermediate\project_light.tlog\link.read.1.tlog
c:\users\nextgen\desktop\directx 11 projects\dx11 win10\project_light\bin\debug\intermediate\project_light.tlog\link.write.1.tlog
c:\users\nextgen\desktop\directx 11 projects\dx11 win10\project_light\bin\debug\intermediate\project_light.tlog\project_light.write.1u.tlog
c:\users\nextgen\desktop\directx 11 projects\dx11 win10\project_light\bin\debug\intermediate\project_light.tlog\rc.command.1.tlog
c:\users\nextgen\desktop\directx 11 projects\dx11 win10\project_light\bin\debug\intermediate\project_light.tlog\rc.read.1.tlog
c:\users\nextgen\desktop\directx 11 projects\dx11 win10\project_light\bin\debug\intermediate\project_light.tlog\rc.write.1.tlog
